[2021-07-31 15:29:44] [Render thread INFO] CustomSkinLoader 14.13-SNAPSHOT-278
[2021-07-31 15:29:44] [Render thread INFO] DataDir: /Users/wyc/Documents/Minecraft/The-Winter-Rescue/.minecraft/CustomSkinLoader
[2021-07-31 15:29:44] [Render thread INFO] Operating System: Mac OS X (x86_64) version 10.15.7
[2021-07-31 15:29:44] [Render thread INFO] Java Version: 1.8.0_181, Oracle Corporation
[2021-07-31 15:29:44] [Render thread INFO] Java VM Version: Java HotSpot(TM) 64-Bit Server VM (mixed mode), Oracle Corporation
[2021-07-31 15:29:44] [Render thread INFO] Minecraft: null(TWR)
[2021-07-31 15:29:44] [Render thread INFO] Config File: /Users/wyc/Documents/Minecraft/The-Winter-Rescue/.minecraft/CustomSkinLoader/CustomSkinLoader.json
[2021-07-31 15:29:44] [Render thread INFO] Config file not found, use default instead.
[2021-07-31 15:29:44] [Render thread INFO] Successfully create config.
[2021-07-31 15:29:44] [Render thread INFO] Add a profile loader: MojangAPI
[2021-07-31 15:29:44] [Render thread INFO] Add a profile loader: Legacy
[2021-07-31 15:29:44] [Render thread INFO] Add a profile loader: CustomSkinAPI
[2021-07-31 15:29:44] [Render thread INFO] Add a profile loader: CustomSKinAPIPlus
[2021-07-31 15:29:44] [Render thread INFO] Add a profile loader: UniSkinAPI
[2021-07-31 15:29:44] [Render thread INFO] Add a profile loader: ElyByAPI
[2021-07-31 15:29:44] [Render thread INFO] Add a profile loader: GlitchlessAPI
[2021-07-31 15:29:45] [Render thread INFO] Successfully update config.
[2021-07-31 15:29:45] [Render thread INFO] version : 14.13
[2021-07-31 15:29:45] [Render thread INFO] buildNumber : 278
[2021-07-31 15:29:45] [Render thread INFO] loadlist : [{ "name": "Mojang", "type": "MojangAPI", "apiRoot": "https://api.mojang.com/", "sessionRoot": "https://sessionserver.mojang.com/" }, { "name": "LittleSkin", "type": "CustomSkinAPI", "root": "https://littlesk.in/csl/" }, { "name": "BlessingSkin", "type": "CustomSkinAPI", "root": "http://skin.prinzeugen.net/" }, { "name": "ElyBy", "type": "ElyByAPI", "root": "http://skinsystem.ely.by/textures/" }, { "name": "SkinMe", "type": "UniSkinAPI", "root": "http://www.skinme.cc/uniskin/" }, { "name": "LocalSkin", "type": "Legacy", "checkPNG": "false", "skin": "LocalSkin/skins/{USERNAME}.png", "model": "auto", "cape": "LocalSkin/capes/{USERNAME}.png", "elytra": "LocalSkin/elytras/{USERNAME}.png" }, { "name": "GlitchlessGames", "type": "GlitchlessAPI", "root": "https://games.glitchless.ru/api/minecraft/users/profiles/textures/?nickname=" }]
[2021-07-31 15:29:45] [Render thread INFO] enableDynamicSkull : true
[2021-07-31 15:29:45] [Render thread INFO] enableTransparentSkin : true
[2021-07-31 15:29:45] [Render thread INFO] forceIgnoreHttpsCertificate : false
[2021-07-31 15:29:45] [Render thread INFO] forceLoadAllTextures : false
[2021-07-31 15:29:45] [Render thread INFO] enableCape : true
[2021-07-31 15:29:45] [Render thread INFO] forceFillSkullNBT : false
[2021-07-31 15:29:45] [Render thread INFO] threadPoolSize : 3
[2021-07-31 15:29:45] [Render thread INFO] retryTime : 1
[2021-07-31 15:29:45] [Render thread INFO] cacheExpiry : 30
[2021-07-31 15:29:45] [Render thread INFO] forceUpdateSkull : false
[2021-07-31 15:29:45] [Render thread INFO] enableLocalProfileCache : false
[2021-07-31 15:29:45] [Render thread INFO] enableCacheAutoClean : false
[2021-07-31 15:29:45] [Render thread INFO] forceDisableCache : false
